{"/home/samrat/Desktop/All Presentation/extention + Bookmarklet/Budgetify/Tets/all.js": {"path":"/home/samrat/Desktop/All Presentation/extention + Bookmarklet/Budgetify/Tets/all.js","statementMap":{"0":{"start":{"line":2,"column":0},"end":{"line":4,"column":1}},"1":{"start":{"line":3,"column":4},"end":{"line":3,"column":68}},"2":{"start":{"line":6,"column":0},"end":{"line":8,"column":1}},"3":{"start":{"line":7,"column":4},"end":{"line":7,"column":92}}},"fnMap":{"0":{"name":"fixedEncodeURI","decl":{"start":{"line":2,"column":34},"end":{"line":2,"column":48}},"loc":{"start":{"line":2,"column":54},"end":{"line":4,"column":1}},"line":2},"1":{"name":"isInt","decl":{"start":{"line":6,"column":25},"end":{"line":6,"column":30}},"loc":{"start":{"line":6,"column":38},"end":{"line":8,"column":1}},"line":6}},"branchMap":{"0":{"loc":{"start":{"line":7,"column":11},"end":{"line":7,"column":91}},"type":"binary-expr","locations":[{"start":{"line":7,"column":11},"end":{"line":7,"column":24}},{"start":{"line":7,"column":28},"end":{"line":7,"column":60}},{"start":{"line":7,"column":64},"end":{"line":7,"column":91}}],"line":7}},"s":{"0":1,"1":0,"2":1,"3":9},"f":{"0":0,"1":9},"b":{"0":[9,7,6]},"_coverageSchema":"1a1c01bbd47fc00a2c39e90264f33305004495a9","hash":"b9e2f7ee8878864dbdc9b5f4a7f129082cdd29e5"}
,"/home/samrat/Desktop/All Presentation/extention + Bookmarklet/Budgetify/Tets/fixedEncodeURI.js": {"path":"/home/samrat/Desktop/All Presentation/extention + Bookmarklet/Budgetify/Tets/fixedEncodeURI.js","statementMap":{"0":{"start":{"line":2,"column":0},"end":{"line":4,"column":1}},"1":{"start":{"line":3,"column":4},"end":{"line":3,"column":68}}},"fnMap":{"0":{"name":"fixedEncodeURI","decl":{"start":{"line":2,"column":34},"end":{"line":2,"column":48}},"loc":{"start":{"line":2,"column":54},"end":{"line":4,"column":1}},"line":2}},"branchMap":{},"s":{"0":1,"1":3},"f":{"0":3},"b":{},"_coverageSchema":"1a1c01bbd47fc00a2c39e90264f33305004495a9","hash":"35dfe2c5f441339e9a0484206069233b19512073"}
,"/home/samrat/Desktop/All Presentation/extention + Bookmarklet/Budgetify/Tets/isInt.js": {"path":"/home/samrat/Desktop/All Presentation/extention + Bookmarklet/Budgetify/Tets/isInt.js","statementMap":{"0":{"start":{"line":2,"column":0},"end":{"line":4,"column":1}},"1":{"start":{"line":3,"column":4},"end":{"line":3,"column":92}}},"fnMap":{"0":{"name":"isInt","decl":{"start":{"line":2,"column":25},"end":{"line":2,"column":30}},"loc":{"start":{"line":2,"column":38},"end":{"line":4,"column":1}},"line":2}},"branchMap":{"0":{"loc":{"start":{"line":3,"column":11},"end":{"line":3,"column":91}},"type":"binary-expr","locations":[{"start":{"line":3,"column":11},"end":{"line":3,"column":24}},{"start":{"line":3,"column":28},"end":{"line":3,"column":60}},{"start":{"line":3,"column":64},"end":{"line":3,"column":91}}],"line":3}},"s":{"0":1,"1":10},"f":{"0":10},"b":{"0":[10,5,4]},"_coverageSchema":"1a1c01bbd47fc00a2c39e90264f33305004495a9","hash":"ffee471fe3ab2783d6cc29c9ff4e2d9368efec14"}
}
